Apr 26 2022 20:54:25
{"type":8192,"message":"Return type of FS_Key_Value_Storage::count() should either be compatible with Countable::count(): int, or the #[\\ReturnTypeWillChange] attribute should be used to temporarily suppress the notice","file":"C:\\xampp\\htdocs\\draakriti\\wp-content\\plugins\\addons-for-elementor\\freemius\\includes\\managers\\class-fs-key-value-storage.php","line":389}

Apr 26 2022 20:54:26
{"type":8192,"message":"Return type of FS_Key_Value_Storage::count() should either be compatible with Countable::count(): int, or the #[\\ReturnTypeWillChange] attribute should be used to temporarily suppress the notice","file":"C:\\xampp\\htdocs\\draakriti\\wp-content\\plugins\\addons-for-elementor\\freemius\\includes\\managers\\class-fs-key-value-storage.php","line":389}

Apr 26 2022 20:54:26
{"type":8192,"message":"Return type of FS_Key_Value_Storage::count() should either be compatible with Countable::count(): int, or the #[\\ReturnTypeWillChange] attribute should be used to temporarily suppress the notice","file":"C:\\xampp\\htdocs\\draakriti\\wp-content\\plugins\\addons-for-elementor\\freemius\\includes\\managers\\class-fs-key-value-storage.php","line":389}

Apr 26 2022 20:54:27
{"type":8192,"message":"Return type of FS_Key_Value_Storage::count() should either be compatible with Countable::count(): int, or the #[\\ReturnTypeWillChange] attribute should be used to temporarily suppress the notice","file":"C:\\xampp\\htdocs\\draakriti\\wp-content\\plugins\\addons-for-elementor\\freemius\\includes\\managers\\class-fs-key-value-storage.php","line":389}

Apr 26 2022 20:54:28
{"Number":8192,"Message":"base64_encode(): Passing null to parameter #1 ($string) of type string is deprecated","File":"C:\\xampp\\htdocs\\draakriti\\wp-content\\plugins\\all-in-one-wp-migration\\lib\\model\\export\\class-ai1wm-export-config.php","Line":164}

Apr 26 2022 20:54:28
{"type":8192,"message":"Return type of FS_Key_Value_Storage::count() should either be compatible with Countable::count(): int, or the #[\\ReturnTypeWillChange] attribute should be used to temporarily suppress the notice","file":"C:\\xampp\\htdocs\\draakriti\\wp-content\\plugins\\addons-for-elementor\\freemius\\includes\\managers\\class-fs-key-value-storage.php","line":389}

Apr 26 2022 20:54:30
{"type":8192,"message":"Return type of FS_Key_Value_Storage::count() should either be compatible with Countable::count(): int, or the #[\\ReturnTypeWillChange] attribute should be used to temporarily suppress the notice","file":"C:\\xampp\\htdocs\\draakriti\\wp-content\\plugins\\addons-for-elementor\\freemius\\includes\\managers\\class-fs-key-value-storage.php","line":389}

Apr 26 2022 20:54:30
{"type":8192,"message":"Return type of Requests_Utility_CaseInsensitiveDictionary::getIterator() should either be compatible with IteratorAggregate::getIterator(): Traversable, or the #[\\ReturnTypeWillChange] attribute should be used to temporarily suppress the notice","file":"C:\\xampp\\htdocs\\draakriti\\wp-includes\\Requests\\Utility\\CaseInsensitiveDictionary.php","line":91}

Apr 26 2022 20:54:32
{"type":8192,"message":"Return type of FS_Key_Value_Storage::count() should either be compatible with Countable::count(): int, or the #[\\ReturnTypeWillChange] attribute should be used to temporarily suppress the notice","file":"C:\\xampp\\htdocs\\draakriti\\wp-content\\plugins\\addons-for-elementor\\freemius\\includes\\managers\\class-fs-key-value-storage.php","line":389}

Apr 26 2022 20:54:33
{"type":8192,"message":"Return type of FS_Key_Value_Storage::count() should either be compatible with Countable::count(): int, or the #[\\ReturnTypeWillChange] attribute should be used to temporarily suppress the notice","file":"C:\\xampp\\htdocs\\draakriti\\wp-content\\plugins\\addons-for-elementor\\freemius\\includes\\managers\\class-fs-key-value-storage.php","line":389}

Apr 26 2022 20:54:34
{"type":8192,"message":"Return type of FS_Key_Value_Storage::count() should either be compatible with Countable::count(): int, or the #[\\ReturnTypeWillChange] attribute should be used to temporarily suppress the notice","file":"C:\\xampp\\htdocs\\draakriti\\wp-content\\plugins\\addons-for-elementor\\freemius\\includes\\managers\\class-fs-key-value-storage.php","line":389}

Apr 26 2022 20:54:38
{"type":8192,"message":"Return type of FS_Key_Value_Storage::count() should either be compatible with Countable::count(): int, or the #[\\ReturnTypeWillChange] attribute should be used to temporarily suppress the notice","file":"C:\\xampp\\htdocs\\draakriti\\wp-content\\plugins\\addons-for-elementor\\freemius\\includes\\managers\\class-fs-key-value-storage.php","line":389}

Apr 26 2022 20:54:38
{"type":8192,"message":"Return type of FS_Key_Value_Storage::count() should either be compatible with Countable::count(): int, or the #[\\ReturnTypeWillChange] attribute should be used to temporarily suppress the notice","file":"C:\\xampp\\htdocs\\draakriti\\wp-content\\plugins\\addons-for-elementor\\freemius\\includes\\managers\\class-fs-key-value-storage.php","line":389}

Apr 26 2022 20:54:40
{"type":8192,"message":"Return type of FS_Key_Value_Storage::count() should either be compatible with Countable::count(): int, or the #[\\ReturnTypeWillChange] attribute should be used to temporarily suppress the notice","file":"C:\\xampp\\htdocs\\draakriti\\wp-content\\plugins\\addons-for-elementor\\freemius\\includes\\managers\\class-fs-key-value-storage.php","line":389}

Apr 26 2022 20:54:41
{"type":8192,"message":"Return type of FS_Key_Value_Storage::count() should either be compatible with Countable::count(): int, or the #[\\ReturnTypeWillChange] attribute should be used to temporarily suppress the notice","file":"C:\\xampp\\htdocs\\draakriti\\wp-content\\plugins\\addons-for-elementor\\freemius\\includes\\managers\\class-fs-key-value-storage.php","line":389}

Apr 26 2022 20:54:42
{"type":8192,"message":"Return type of FS_Key_Value_Storage::count() should either be compatible with Countable::count(): int, or the #[\\ReturnTypeWillChange] attribute should be used to temporarily suppress the notice","file":"C:\\xampp\\htdocs\\draakriti\\wp-content\\plugins\\addons-for-elementor\\freemius\\includes\\managers\\class-fs-key-value-storage.php","line":389}

Apr 26 2022 20:54:42
{"type":8192,"message":"Return type of FS_Key_Value_Storage::count() should either be compatible with Countable::count(): int, or the #[\\ReturnTypeWillChange] attribute should be used to temporarily suppress the notice","file":"C:\\xampp\\htdocs\\draakriti\\wp-content\\plugins\\addons-for-elementor\\freemius\\includes\\managers\\class-fs-key-value-storage.php","line":389}

Apr 26 2022 20:54:46
{"type":8192,"message":"Return type of FS_Key_Value_Storage::count() should either be compatible with Countable::count(): int, or the #[\\ReturnTypeWillChange] attribute should be used to temporarily suppress the notice","file":"C:\\xampp\\htdocs\\draakriti\\wp-content\\plugins\\addons-for-elementor\\freemius\\includes\\managers\\class-fs-key-value-storage.php","line":389}

Apr 26 2022 20:54:48
{"type":8192,"message":"Return type of FS_Key_Value_Storage::count() should either be compatible with Countable::count(): int, or the #[\\ReturnTypeWillChange] attribute should be used to temporarily suppress the notice","file":"C:\\xampp\\htdocs\\draakriti\\wp-content\\plugins\\addons-for-elementor\\freemius\\includes\\managers\\class-fs-key-value-storage.php","line":389}

Apr 26 2022 20:54:50
{"type":8192,"message":"Return type of FS_Key_Value_Storage::count() should either be compatible with Countable::count(): int, or the #[\\ReturnTypeWillChange] attribute should be used to temporarily suppress the notice","file":"C:\\xampp\\htdocs\\draakriti\\wp-content\\plugins\\addons-for-elementor\\freemius\\includes\\managers\\class-fs-key-value-storage.php","line":389}

Apr 26 2022 20:54:54
{"type":8192,"message":"Return type of FS_Key_Value_Storage::count() should either be compatible with Countable::count(): int, or the #[\\ReturnTypeWillChange] attribute should be used to temporarily suppress the notice","file":"C:\\xampp\\htdocs\\draakriti\\wp-content\\plugins\\addons-for-elementor\\freemius\\includes\\managers\\class-fs-key-value-storage.php","line":389}

Apr 26 2022 20:54:58
{"type":8192,"message":"Return type of FS_Key_Value_Storage::count() should either be compatible with Countable::count(): int, or the #[\\ReturnTypeWillChange] attribute should be used to temporarily suppress the notice","file":"C:\\xampp\\htdocs\\draakriti\\wp-content\\plugins\\addons-for-elementor\\freemius\\includes\\managers\\class-fs-key-value-storage.php","line":389}

Apr 26 2022 20:54:59
{"type":8192,"message":"Return type of FS_Key_Value_Storage::count() should either be compatible with Countable::count(): int, or the #[\\ReturnTypeWillChange] attribute should be used to temporarily suppress the notice","file":"C:\\xampp\\htdocs\\draakriti\\wp-content\\plugins\\addons-for-elementor\\freemius\\includes\\managers\\class-fs-key-value-storage.php","line":389}

Apr 26 2022 20:55:01
{"type":8192,"message":"Return type of FS_Key_Value_Storage::count() should either be compatible with Countable::count(): int, or the #[\\ReturnTypeWillChange] attribute should be used to temporarily suppress the notice","file":"C:\\xampp\\htdocs\\draakriti\\wp-content\\plugins\\addons-for-elementor\\freemius\\includes\\managers\\class-fs-key-value-storage.php","line":389}

Apr 26 2022 20:55:06
{"Number":8192,"Message":"Return type of ActionScheduler_DateTime::setTimezone($timezone) should either be compatible with DateTime::setTimezone(DateTimeZone $timezone): DateTime, or the #[\\ReturnTypeWillChange] attribute should be used to temporarily suppress the notice","File":"C:\\xampp\\htdocs\\draakriti\\wp-content\\plugins\\wpforms-lite\\vendor\\woocommerce\\action-scheduler\\classes\\ActionScheduler_DateTime.php","Line":60}

Apr 26 2022 20:55:06
{"Number":8192,"Message":"Return type of ActionScheduler_DateTime::getOffset() should either be compatible with DateTime::getOffset(): int, or the #[\\ReturnTypeWillChange] attribute should be used to temporarily suppress the notice","File":"C:\\xampp\\htdocs\\draakriti\\wp-content\\plugins\\wpforms-lite\\vendor\\woocommerce\\action-scheduler\\classes\\ActionScheduler_DateTime.php","Line":48}

Apr 26 2022 20:55:06
{"Number":8192,"Message":"Return type of ActionScheduler_DateTime::getTimestamp() should either be compatible with DateTime::getTimestamp(): int, or the #[\\ReturnTypeWillChange] attribute should be used to temporarily suppress the notice","File":"C:\\xampp\\htdocs\\draakriti\\wp-content\\plugins\\wpforms-lite\\vendor\\woocommerce\\action-scheduler\\classes\\ActionScheduler_DateTime.php","Line":27}

Apr 26 2022 20:55:06
{"Number":8192,"Message":"DateTime::__construct(): Passing null to parameter #1 ($datetime) of type string is deprecated","File":"C:\\xampp\\htdocs\\draakriti\\wp-content\\plugins\\wpforms-lite\\vendor\\woocommerce\\action-scheduler\\functions.php","Line":316}

Apr 26 2022 20:55:06
{"type":8192,"message":"Return type of FS_Key_Value_Storage::count() should either be compatible with Countable::count(): int, or the #[\\ReturnTypeWillChange] attribute should be used to temporarily suppress the notice","file":"C:\\xampp\\htdocs\\draakriti\\wp-content\\plugins\\addons-for-elementor\\freemius\\includes\\managers\\class-fs-key-value-storage.php","line":389}

Apr 26 2022 20:55:10
{"Number":8192,"Message":"Return type of ActionScheduler_DateTime::setTimezone($timezone) should either be compatible with DateTime::setTimezone(DateTimeZone $timezone): DateTime, or the #[\\ReturnTypeWillChange] attribute should be used to temporarily suppress the notice","File":"C:\\xampp\\htdocs\\draakriti\\wp-content\\plugins\\wpforms-lite\\vendor\\woocommerce\\action-scheduler\\classes\\ActionScheduler_DateTime.php","Line":60}

Apr 26 2022 20:55:10
{"Number":8192,"Message":"Return type of ActionScheduler_DateTime::getOffset() should either be compatible with DateTime::getOffset(): int, or the #[\\ReturnTypeWillChange] attribute should be used to temporarily suppress the notice","File":"C:\\xampp\\htdocs\\draakriti\\wp-content\\plugins\\wpforms-lite\\vendor\\woocommerce\\action-scheduler\\classes\\ActionScheduler_DateTime.php","Line":48}

Apr 26 2022 20:55:10
{"Number":8192,"Message":"Return type of ActionScheduler_DateTime::getTimestamp() should either be compatible with DateTime::getTimestamp(): int, or the #[\\ReturnTypeWillChange] attribute should be used to temporarily suppress the notice","File":"C:\\xampp\\htdocs\\draakriti\\wp-content\\plugins\\wpforms-lite\\vendor\\woocommerce\\action-scheduler\\classes\\ActionScheduler_DateTime.php","Line":27}

Apr 26 2022 20:55:10
{"Number":8192,"Message":"DateTime::__construct(): Passing null to parameter #1 ($datetime) of type string is deprecated","File":"C:\\xampp\\htdocs\\draakriti\\wp-content\\plugins\\wpforms-lite\\vendor\\woocommerce\\action-scheduler\\functions.php","Line":316}

Apr 26 2022 20:55:10
{"type":8192,"message":"Return type of FS_Key_Value_Storage::count() should either be compatible with Countable::count(): int, or the #[\\ReturnTypeWillChange] attribute should be used to temporarily suppress the notice","file":"C:\\xampp\\htdocs\\draakriti\\wp-content\\plugins\\addons-for-elementor\\freemius\\includes\\managers\\class-fs-key-value-storage.php","line":389}

Apr 26 2022 20:55:11
{"type":8192,"message":"Return type of FS_Key_Value_Storage::count() should either be compatible with Countable::count(): int, or the #[\\ReturnTypeWillChange] attribute should be used to temporarily suppress the notice","file":"C:\\xampp\\htdocs\\draakriti\\wp-content\\plugins\\addons-for-elementor\\freemius\\includes\\managers\\class-fs-key-value-storage.php","line":389}

Apr 26 2022 20:55:14
{"type":8192,"message":"Return type of FS_Key_Value_Storage::count() should either be compatible with Countable::count(): int, or the #[\\ReturnTypeWillChange] attribute should be used to temporarily suppress the notice","file":"C:\\xampp\\htdocs\\draakriti\\wp-content\\plugins\\addons-for-elementor\\freemius\\includes\\managers\\class-fs-key-value-storage.php","line":389}

Apr 26 2022 20:55:15
{"type":8192,"message":"Return type of FS_Key_Value_Storage::count() should either be compatible with Countable::count(): int, or the #[\\ReturnTypeWillChange] attribute should be used to temporarily suppress the notice","file":"C:\\xampp\\htdocs\\draakriti\\wp-content\\plugins\\addons-for-elementor\\freemius\\includes\\managers\\class-fs-key-value-storage.php","line":389}

Apr 26 2022 20:55:18
{"type":8192,"message":"Return type of FS_Key_Value_Storage::count() should either be compatible with Countable::count(): int, or the #[\\ReturnTypeWillChange] attribute should be used to temporarily suppress the notice","file":"C:\\xampp\\htdocs\\draakriti\\wp-content\\plugins\\addons-for-elementor\\freemius\\includes\\managers\\class-fs-key-value-storage.php","line":389}

Apr 26 2022 20:55:23
{"type":8192,"message":"Return type of FS_Key_Value_Storage::count() should either be compatible with Countable::count(): int, or the #[\\ReturnTypeWillChange] attribute should be used to temporarily suppress the notice","file":"C:\\xampp\\htdocs\\draakriti\\wp-content\\plugins\\addons-for-elementor\\freemius\\includes\\managers\\class-fs-key-value-storage.php","line":389}

Apr 26 2022 20:55:24
{"type":8192,"message":"Return type of FS_Key_Value_Storage::count() should either be compatible with Countable::count(): int, or the #[\\ReturnTypeWillChange] attribute should be used to temporarily suppress the notice","file":"C:\\xampp\\htdocs\\draakriti\\wp-content\\plugins\\addons-for-elementor\\freemius\\includes\\managers\\class-fs-key-value-storage.php","line":389}

Apr 26 2022 20:55:27
{"type":8192,"message":"Return type of FS_Key_Value_Storage::count() should either be compatible with Countable::count(): int, or the #[\\ReturnTypeWillChange] attribute should be used to temporarily suppress the notice","file":"C:\\xampp\\htdocs\\draakriti\\wp-content\\plugins\\addons-for-elementor\\freemius\\includes\\managers\\class-fs-key-value-storage.php","line":389}

Apr 26 2022 20:55:27
{"type":8192,"message":"Return type of FS_Key_Value_Storage::count() should either be compatible with Countable::count(): int, or the #[\\ReturnTypeWillChange] attribute should be used to temporarily suppress the notice","file":"C:\\xampp\\htdocs\\draakriti\\wp-content\\plugins\\addons-for-elementor\\freemius\\includes\\managers\\class-fs-key-value-storage.php","line":389}

Apr 26 2022 20:55:29
{"type":8192,"message":"Return type of FS_Key_Value_Storage::count() should either be compatible with Countable::count(): int, or the #[\\ReturnTypeWillChange] attribute should be used to temporarily suppress the notice","file":"C:\\xampp\\htdocs\\draakriti\\wp-content\\plugins\\addons-for-elementor\\freemius\\includes\\managers\\class-fs-key-value-storage.php","line":389}

Apr 26 2022 20:55:31
{"type":8192,"message":"Return type of FS_Key_Value_Storage::count() should either be compatible with Countable::count(): int, or the #[\\ReturnTypeWillChange] attribute should be used to temporarily suppress the notice","file":"C:\\xampp\\htdocs\\draakriti\\wp-content\\plugins\\addons-for-elementor\\freemius\\includes\\managers\\class-fs-key-value-storage.php","line":389}

Apr 26 2022 20:55:31
{"type":8192,"message":"Return type of Requests_Utility_CaseInsensitiveDictionary::getIterator() should either be compatible with IteratorAggregate::getIterator(): Traversable, or the #[\\ReturnTypeWillChange] attribute should be used to temporarily suppress the notice","file":"C:\\xampp\\htdocs\\draakriti\\wp-includes\\Requests\\Utility\\CaseInsensitiveDictionary.php","line":91}

Apr 26 2022 20:55:32
{"type":8192,"message":"Return type of FS_Key_Value_Storage::count() should either be compatible with Countable::count(): int, or the #[\\ReturnTypeWillChange] attribute should be used to temporarily suppress the notice","file":"C:\\xampp\\htdocs\\draakriti\\wp-content\\plugins\\addons-for-elementor\\freemius\\includes\\managers\\class-fs-key-value-storage.php","line":389}

Apr 26 2022 20:55:35
{"type":8192,"message":"Return type of FS_Key_Value_Storage::count() should either be compatible with Countable::count(): int, or the #[\\ReturnTypeWillChange] attribute should be used to temporarily suppress the notice","file":"C:\\xampp\\htdocs\\draakriti\\wp-content\\plugins\\addons-for-elementor\\freemius\\includes\\managers\\class-fs-key-value-storage.php","line":389}

